<?xml version="1.0" encoding="UTF-8"?>
<testng-results ignored="0" total="3" passed="3" failed="0" skipped="0">
  <reporter-output>
  </reporter-output>
  <suite started-at="2025-02-01T11:26:13 IST" name="Default suite" finished-at="2025-02-01T11:27:01 IST" duration-ms="47911">
    <groups>
    </groups>
    <test started-at="2025-02-01T11:26:13 IST" name="Default test" finished-at="2025-02-01T11:27:01 IST" duration-ms="47911">
      <class name="com.crm.test.organization.CRM_Organization_Test">
        <test-method is-config="true" signature="configBeforeSuite()[pri:0, instance:com.crm.test.organization.CRM_Organization_Test@40005471]" started-at="2025-02-01T11:26:13 IST" name="configBeforeSuite" finished-at="2025-02-01T11:26:13 IST" duration-ms="13" status="PASS">
          <reporter-output>
          </reporter-output>
        </test-method> <!-- configBeforeSuite -->
        <test-method is-config="true" signature="configBeforeClass()[pri:0, instance:com.crm.test.organization.CRM_Organization_Test@40005471]" started-at="2025-02-01T11:26:13 IST" name="configBeforeClass" finished-at="2025-02-01T11:26:15 IST" duration-ms="2698" status="PASS">
          <reporter-output>
          </reporter-output>
        </test-method> <!-- configBeforeClass -->
        <test-method is-config="true" signature="configBeforeMethod()[pri:0, instance:com.crm.test.organization.CRM_Organization_Test@40005471]" started-at="2025-02-01T11:26:17 IST" name="configBeforeMethod" finished-at="2025-02-01T11:26:20 IST" duration-ms="2927" status="PASS">
          <reporter-output>
          </reporter-output>
        </test-method> <!-- configBeforeMethod -->
        <test-method signature="createOrganizationWithName(com.crm.generic.entity.Organization)[pri:0, instance:com.crm.test.organization.CRM_Organization_Test@40005471]" started-at="2025-02-01T11:26:20 IST" name="createOrganizationWithName" data-provider="testData" finished-at="2025-02-01T11:26:30 IST" duration-ms="9679" status="PASS">
          <params>
            <param index="0">
              <value>
                <![CDATA[Organization(orgName=Facebook_, industry=null, type=null)]]>
              </value>
            </param>
          </params>
          <reporter-output>
          </reporter-output>
        </test-method> <!-- createOrganizationWithName -->
        <test-method is-config="true" signature="configAfterMethod()[pri:0, instance:com.crm.test.organization.CRM_Organization_Test@40005471]" started-at="2025-02-01T11:26:30 IST" name="configAfterMethod" finished-at="2025-02-01T11:26:32 IST" duration-ms="1746" status="PASS">
          <reporter-output>
          </reporter-output>
        </test-method> <!-- configAfterMethod -->
        <test-method is-config="true" signature="configBeforeMethod()[pri:0, instance:com.crm.test.organization.CRM_Organization_Test@40005471]" started-at="2025-02-01T11:26:32 IST" name="configBeforeMethod" finished-at="2025-02-01T11:26:34 IST" duration-ms="2694" status="PASS">
          <reporter-output>
          </reporter-output>
        </test-method> <!-- configBeforeMethod -->
        <test-method signature="createOrganizationWithName(com.crm.generic.entity.Organization)[pri:0, instance:com.crm.test.organization.CRM_Organization_Test@40005471]" started-at="2025-02-01T11:26:34 IST" name="createOrganizationWithName" data-provider="testData" finished-at="2025-02-01T11:26:44 IST" duration-ms="9581" status="PASS">
          <params>
            <param index="0">
              <value>
                <![CDATA[Organization(orgName=Twitter_, industry=null, type=null)]]>
              </value>
            </param>
          </params>
          <reporter-output>
          </reporter-output>
        </test-method> <!-- createOrganizationWithName -->
        <test-method is-config="true" signature="configAfterMethod()[pri:0, instance:com.crm.test.organization.CRM_Organization_Test@40005471]" started-at="2025-02-01T11:26:44 IST" name="configAfterMethod" finished-at="2025-02-01T11:26:46 IST" duration-ms="1664" status="PASS">
          <reporter-output>
          </reporter-output>
        </test-method> <!-- configAfterMethod -->
        <test-method is-config="true" signature="configBeforeMethod()[pri:0, instance:com.crm.test.organization.CRM_Organization_Test@40005471]" started-at="2025-02-01T11:26:46 IST" name="configBeforeMethod" finished-at="2025-02-01T11:26:49 IST" duration-ms="2928" status="PASS">
          <reporter-output>
          </reporter-output>
        </test-method> <!-- configBeforeMethod -->
        <test-method signature="createOrganizationWithName(com.crm.generic.entity.Organization)[pri:0, instance:com.crm.test.organization.CRM_Organization_Test@40005471]" started-at="2025-02-01T11:26:49 IST" name="createOrganizationWithName" data-provider="testData" finished-at="2025-02-01T11:26:59 IST" duration-ms="9826" status="PASS">
          <params>
            <param index="0">
              <value>
                <![CDATA[Organization(orgName=Amazon_, industry=null, type=null)]]>
              </value>
            </param>
          </params>
          <reporter-output>
          </reporter-output>
        </test-method> <!-- createOrganizationWithName -->
        <test-method is-config="true" signature="configAfterMethod()[pri:0, instance:com.crm.test.organization.CRM_Organization_Test@40005471]" started-at="2025-02-01T11:26:59 IST" name="configAfterMethod" finished-at="2025-02-01T11:27:00 IST" duration-ms="1614" status="PASS">
          <reporter-output>
          </reporter-output>
        </test-method> <!-- configAfterMethod -->
        <test-method is-config="true" signature="configAfterClass()[pri:0, instance:com.crm.test.organization.CRM_Organization_Test@40005471]" started-at="2025-02-01T11:27:00 IST" name="configAfterClass" finished-at="2025-02-01T11:27:01 IST" duration-ms="211" status="PASS">
          <reporter-output>
          </reporter-output>
        </test-method> <!-- configAfterClass -->
        <test-method is-config="true" signature="configAfterSuite()[pri:0, instance:com.crm.test.organization.CRM_Organization_Test@40005471]" started-at="2025-02-01T11:27:01 IST" name="configAfterSuite" finished-at="2025-02-01T11:27:01 IST" duration-ms="1" status="PASS">
          <reporter-output>
          </reporter-output>
        </test-method> <!-- configAfterSuite -->
      </class> <!-- com.crm.test.organization.CRM_Organization_Test -->
    </test> <!-- Default test -->
  </suite> <!-- Default suite -->
</testng-results>
