<?xml version="1.0" encoding="UTF-8"?>
<!-- Generated by org.testng.reporters.JUnitXMLReporter -->
<testsuite ignored="0" hostname="TYSS-Tejal-Ravindra-Borase" failures="0" tests="3" name="Default test" time="47.911" errors="0" timestamp="2025-02-01T11:27:01 IST">
  <testcase classname="com.crm.test.organization.CRM_Organization_Test" name="createOrganizationWithName" time="9.679"/>
  <testcase classname="com.crm.test.organization.CRM_Organization_Test" name="createOrganizationWithName" time="9.581"/>
  <testcase classname="com.crm.test.organization.CRM_Organization_Test" name="createOrganizationWithName" time="9.826"/>
</testsuite> <!-- Default test -->
