<?xml version="1.0" encoding="UTF-8"?>
<!-- Generated by org.testng.reporters.JUnitXMLReporter -->
<testsuite ignored="0" hostname="TYSS-Tejal-Ravindra-Borase" failures="0" tests="2" name="TestRunner_firefox" time="47.858" errors="0" timestamp="2025-02-27T18:23:53 IST">
  <testcase classname="com.crm.test.contact.Create_Contact_Test" name="createContactWithMandatoryFields" time="12.768"/>
  <testcase classname="com.crm.test.contact.Create_Contact_Test" name="createContactWithStartAndEndDate" time="13.432"/>
</testsuite> <!-- TestRunner_firefox -->
