<?xml version="1.0" encoding="UTF-8"?>
<!-- Generated by org.testng.reporters.JUnitXMLReporter -->
<testsuite ignored="1" hostname="TYSS-Tejal-Ravindra-Borase" failures="0" tests="3" name="Test1" time="38.121" errors="0" timestamp="2025-02-27T11:29:57 IST">
  <testcase classname="com.crm.test.contact.Create_Contact_Test" name="createContactWithMandatoryFields" time="8.006"/>
  <testcase classname="com.crm.test.contact.Create_Contact_Test" name="createContactWithMandatoryFields" time="7.048"/>
  <testcase classname="com.crm.test.contact.Create_Contact_Test" name="createContactWithMandatoryFields" time="7.268"/>
  <testcase classname="com.crm.test.contact.Create_Contact_Test" name="createContactWithStartAndEndDate" time="0.0">
    <ignored/>
  </testcase> <!-- createContactWithStartAndEndDate -->
</testsuite> <!-- Test1 -->
