<?xml version="1.0" encoding="UTF-8"?>
<!-- Generated by org.testng.reporters.JUnitXMLReporter -->
<testsuite ignored="4" hostname="TYSS-Tejal-Ravindra-Borase" failures="0" tests="2" name="Test" time="1.544" errors="0" timestamp="2025-03-10T09:54:16 IST">
  <testcase classname="com.crm.generic.baseclass.BaseConfigClass" name="@BeforeClass configBeforeClass" time="0.001">
    <failure type="java.lang.NullPointerException" message="Cannot invoke &amp;quot;String.hashCode()&amp;quot; because &amp;quot;browser&amp;quot; is null">
      <![CDATA[java.lang.NullPointerException: Cannot invoke "String.hashCode()" because "browser" is null
at com.crm.generic.baseclass.BaseConfigClass.configBeforeClass(BaseConfigClass.java:48)
at java.base/java.util.ArrayList.forEach(ArrayList.java:1597)
... Removed 23 stack frames]]>
    </failure>
  </testcase> <!-- @BeforeClass configBeforeClass -->
  <testcase classname="com.crm.generic.baseclass.BaseConfigClass" name="@BeforeMethod configBeforeMethod" time="0.0">
    <skipped/>
  </testcase> <!-- @BeforeMethod configBeforeMethod -->
  <testcase classname="com.crm.generic.baseclass.BaseConfigClass" name="@AfterMethod configAfterMethod" time="0.0">
    <skipped/>
  </testcase> <!-- @AfterMethod configAfterMethod -->
  <testcase classname="com.crm.generic.baseclass.BaseConfigClass" name="@AfterClass configAfterClass" time="0.0">
    <skipped/>
  </testcase> <!-- @AfterClass configAfterClass -->
  <testcase classname="com.crm.generic.baseclass.BaseConfigClass" name="@BeforeClass configBeforeClass" time="0.002">
    <failure type="java.lang.NullPointerException" message="Cannot invoke &amp;quot;String.hashCode()&amp;quot; because &amp;quot;browser&amp;quot; is null">
      <![CDATA[java.lang.NullPointerException: Cannot invoke "String.hashCode()" because "browser" is null
at com.crm.generic.baseclass.BaseConfigClass.configBeforeClass(BaseConfigClass.java:48)
at java.base/java.util.ArrayList.forEach(ArrayList.java:1597)
... Removed 23 stack frames]]>
    </failure>
  </testcase> <!-- @BeforeClass configBeforeClass -->
  <testcase classname="com.crm.generic.baseclass.BaseConfigClass" name="@BeforeMethod configBeforeMethod" time="0.0">
    <skipped/>
  </testcase> <!-- @BeforeMethod configBeforeMethod -->
  <testcase classname="com.crm.generic.baseclass.BaseConfigClass" name="@AfterMethod configAfterMethod" time="0.0">
    <skipped/>
  </testcase> <!-- @AfterMethod configAfterMethod -->
  <testcase classname="com.crm.generic.baseclass.BaseConfigClass" name="@AfterClass configAfterClass" time="0.0">
    <skipped/>
  </testcase> <!-- @AfterClass configAfterClass -->
  <testcase classname="com.crm.test.contact.Create_Contact_Test" name="createContactWithMandatoryFields" time="0.001">
    <skipped/>
  </testcase> <!-- createContactWithMandatoryFields -->
  <testcase classname="com.crm.test.organization.Create_Organization_Test" name="createOrganizationWithName" time="0.0">
    <skipped/>
  </testcase> <!-- createOrganizationWithName -->
  <testcase classname="com.crm.generic.baseclass.BaseConfigClass" name="@BeforeSuite configBeforeSuite" time="0.0">
    <ignored/>
  </testcase> <!-- @BeforeSuite configBeforeSuite -->
  <testcase classname="com.crm.test.organization.Create_Organization_Test" name="createOrganizationWithIndustryAndType" time="0.0">
    <ignored/>
  </testcase> <!-- createOrganizationWithIndustryAndType -->
  <testcase classname="com.crm.test.contact.Create_Contact_Test" name="createContactWithStartAndEndDate" time="0.0">
    <ignored/>
  </testcase> <!-- createContactWithStartAndEndDate -->
  <testcase classname="com.crm.generic.baseclass.BaseConfigClass" name="@AfterSuite configAfterSuite" time="0.0">
    <ignored/>
  </testcase> <!-- @AfterSuite configAfterSuite -->
</testsuite> <!-- Test -->
