<?xml version="1.0" encoding="UTF-8"?>
<!-- Generated by org.testng.reporters.JUnitXMLReporter -->
<testsuite ignored="2" hostname="TYSS-Tejal-Ravindra-Borase" failures="1" tests="1" name="Test" time="1.318" errors="0" timestamp="2025-02-27T17:17:03 IST">
  <testcase classname="com.crm.test.contact.Create_Contact_Test" name="createContactWithMandatoryFields" time="0.0">
    <failure type="java.lang.RuntimeException" message="java.lang.NumberFormatException: For input string: &amp;quot;&amp;quot;">
      <![CDATA[java.lang.RuntimeException: java.lang.NumberFormatException: For input string: ""
at java.base/java.util.ArrayList.forEach(ArrayList.java:1597)
Caused by: java.lang.NumberFormatException: For input string: ""
at java.base/java.lang.NumberFormatException.forInputString(NumberFormatException.java:67)
at java.base/java.lang.Long.parseLong(Long.java:595)
at java.base/java.lang.Long.parseLong(Long.java:722)
at com.crm.test.contact.Create_Contact_Test.getContactsData(Create_Contact_Test.java:33)
... 25 more
... Removed 30 stack frames]]>
    </failure>
  </testcase> <!-- createContactWithMandatoryFields -->
  <testcase classname="com.crm.test.organization.Create_Organization_Test" name="createOrganizationWithIndustryAndType" time="0.0">
    <ignored/>
  </testcase> <!-- createOrganizationWithIndustryAndType -->
  <testcase classname="com.crm.test.contact.Create_Contact_Test" name="createContactWithStartAndEndDate" time="0.0">
    <ignored/>
  </testcase> <!-- createContactWithStartAndEndDate -->
</testsuite> <!-- Test -->
