<?xml version="1.0" encoding="UTF-8"?>
<!-- Generated by org.testng.reporters.JUnitXMLReporter -->
<testsuite ignored="0" hostname="TYSS-Tejal-Ravindra-Borase" failures="0" tests="2" name="TestRunner_chrome" time="46.234" errors="0" timestamp="2025-02-27T18:23:51 IST">
  <testcase classname="com.crm.test.contact.Create_Contact_Test" name="createContactWithMandatoryFields" time="13.692"/>
  <testcase classname="com.crm.test.contact.Create_Contact_Test" name="createContactWithStartAndEndDate" time="13.195"/>
</testsuite> <!-- TestRunner_chrome -->
