<?xml version="1.0" encoding="UTF-8"?>
<!-- Generated by org.testng.reporters.JUnitXMLReporter -->
<testsuite ignored="2" hostname="TYSS-Tejal-Ravindra-Borase" failures="0" tests="0" time="0.338" errors="0" timestamp="2025-02-28T12:37:21 IST">
  <testcase classname="com.crm.test.contact.Create_Contact_Test" name="createContactWithStartAndEndDate" time="0.0">
    <ignored/>
  </testcase> <!-- createContactWithStartAndEndDate -->
  <testcase classname="com.crm.test.contact.Create_Contact_Test" name="createContactWithMandatoryFields" time="0.0">
    <ignored/>
  </testcase> <!-- createContactWithMandatoryFields -->
</testsuite>
