<?xml version="1.0" encoding="UTF-8"?>
<!-- Generated by org.testng.reporters.JUnitXMLReporter -->
<testsuite ignored="1" hostname="TYSS-Tejal-Ravindra-Borase" failures="2" tests="2" name="Test2" time="9.712" errors="0" timestamp="2025-02-27T11:29:29 IST">
  <testcase classname="com.crm.test.contact.Create_Contact_Test" name="createContactWithMandatoryFields" time="0.0">
    <failure type="java.lang.NullPointerException" message="Cannot invoke &amp;quot;com.aventstack.extentreports.ExtentReports.createTest(String)&amp;quot; because &amp;quot;this.report&amp;quot; is null">
      <![CDATA[java.lang.NullPointerException: Cannot invoke "com.aventstack.extentreports.ExtentReports.createTest(String)" because "this.report" is null
at com.crm.generic.listerner.ListenerImpl.onTestStart(ListenerImpl.java:50)
at java.base/java.util.ArrayList.forEach(ArrayList.java:1597)
at java.base/java.util.concurrent.FutureTask.run(FutureTask.java:317)
at java.base/java.util.concurrent.ThreadPoolExecutor.runWorker(ThreadPoolExecutor.java:1144)
at java.base/java.util.concurrent.ThreadPoolExecutor$Worker.run(ThreadPoolExecutor.java:642)
at java.base/java.lang.Thread.run(Thread.java:1575)
... Removed 14 stack frames]]>
    </failure>
  </testcase> <!-- createContactWithMandatoryFields -->
  <testcase classname="com.crm.test.contact.Create_Contact_Test" name="createContactWithMandatoryFields" time="5.63">
    <failure type="java.lang.NullPointerException" message="Cannot invoke &amp;quot;com.aventstack.extentreports.ExtentTest.addScreenCaptureFromBase64String(String, String)&amp;quot; because &amp;quot;this.test&amp;quot; is null">
      <![CDATA[java.lang.NullPointerException: Cannot invoke "com.aventstack.extentreports.ExtentTest.addScreenCaptureFromBase64String(String, String)" because "this.test" is null
at com.crm.generic.listerner.ListenerImpl.toTakeScreenShot(ListenerImpl.java:72)
at com.crm.generic.listerner.ListenerImpl.onTestFailure(ListenerImpl.java:65)
at java.base/java.util.ArrayList.forEach(ArrayList.java:1597)
at java.base/java.util.concurrent.FutureTask.run(FutureTask.java:317)
at java.base/java.util.concurrent.ThreadPoolExecutor.runWorker(ThreadPoolExecutor.java:1144)
at java.base/java.util.concurrent.ThreadPoolExecutor$Worker.run(ThreadPoolExecutor.java:642)
at java.base/java.lang.Thread.run(Thread.java:1575)
... Removed 14 stack frames]]>
    </failure>
  </testcase> <!-- createContactWithMandatoryFields -->
  <testcase classname="com.crm.test.contact.Create_Contact_Test" name="createContactWithStartAndEndDate" time="0.0">
    <ignored/>
  </testcase> <!-- createContactWithStartAndEndDate -->
</testsuite> <!-- Test2 -->
