<?xml version="1.0" encoding="UTF-8"?>
<!-- Generated by org.testng.reporters.JUnitReportReporter -->
<testsuite hostname="TYSS-Tejal-Ravindra-Borase" failures="0" tests="3" name="com.crm.test.organization.CRM_Organization_Test" time="42.659" errors="0" timestamp="2025-02-01T11:27:01 IST" skipped="0">
  <testcase classname="com.crm.test.organization.CRM_Organization_Test" name="createOrganizationWithName" time="14.353"/>
  <testcase classname="com.crm.test.organization.CRM_Organization_Test" name="createOrganizationWithName" time="13.889"/>
  <testcase classname="com.crm.test.organization.CRM_Organization_Test" name="createOrganizationWithName" time="14.417"/>
</testsuite> <!-- com.crm.test.organization.CRM_Organization_Test -->
